#
# There is insufficient memory for the Java Runtime Environment to continue.
# Native memory allocation (malloc) failed to allocate 1123936 bytes for Chunk::new
# Possible reasons:
#   The system is out of physical RAM or swap space
#   In 32 bit mode, the process size limit was hit
# Possible solutions:
#   Reduce memory load on the system
#   Increase physical memory or swap space
#   Check if swap backing store is full
#   Use 64 bit Java on a 64 bit OS
#   Decrease Java heap size (-Xmx/-Xms)
#   Decrease number of Java threads
#   Decrease Java thread stack sizes (-Xss)
#   Set larger code cache with -XX:ReservedCodeCacheSize=
# This output file may be truncated or incomplete.
#
#  Out of Memory Error (allocation.cpp:390), pid=6948, tid=0x00000000000018ec
#
# JRE version: OpenJDK Runtime Environment (8.0_152-b02) (build 1.8.0_152-release-1024-b02)
# Java VM: OpenJDK 64-Bit Server VM (25.152-b02 mixed mode windows-amd64 compressed oops)
# Failed to write core dump. Minidumps are not enabled by default on client versions of Windows
#

---------------  T H R E A D  ---------------

Current thread (0x0000000015b32800):  JavaThread "C2 CompilerThread1" daemon [_thread_in_native, id=6380, stack(0x0000000017280000,0x0000000017380000)]

Stack: [0x0000000017280000,0x0000000017380000]
[error occurred during error reporting (printing stack bounds), id 0xc0000005]

Native frames: (J=compiled Java code, j=interpreted, Vv=VM code, C=native code)


Current CompileTask:
C2:2562927 13882       4       com.android.tools.r8.ir.conversion.JarSourceCode::build (293 bytes)


---------------  P R O C E S S  ---------------

Java Threads: ( => current thread )
  0x0000000018dad800 JavaThread "pool-17-thread-2" [_thread_blocked, id=4504, stack(0x00000000240a0000,0x00000000241a0000)]
  0x0000000018dab000 JavaThread "pool-18-thread-2" [_thread_blocked, id=2024, stack(0x0000000023fa0000,0x00000000240a0000)]
  0x0000000018da9800 JavaThread "pool-17-thread-1" [_thread_in_native, id=3604, stack(0x0000000023ea0000,0x0000000023fa0000)]
  0x0000000018da8800 JavaThread "pool-18-thread-1" [_thread_blocked, id=3856, stack(0x0000000023da0000,0x0000000023ea0000)]
  0x0000000018dac000 JavaThread "ForkJoinPool.commonPool-worker-1" daemon [_thread_blocked, id=4492, stack(0x0000000023aa0000,0x0000000023ba0000)]
  0x0000000018da7000 JavaThread "ForkJoinPool.commonPool-worker-0" daemon [_thread_blocked, id=5592, stack(0x00000000239a0000,0x0000000023aa0000)]
  0x000000001d8bd800 JavaThread "ForkJoinPool.commonPool-worker-3" daemon [_thread_blocked, id=6600, stack(0x00000000224b0000,0x00000000225b0000)]
  0x000000001d8c0800 JavaThread "Cache worker for Java compile cache (C:\Users\ANDRES\Desktop\scalas\ScalasCarlosArturo\.gradle\4.4\javaCompile)" [_thread_blocked, id=5484, stack(0x00000000221b0000,0x00000000222b0000)]
  0x000000001d8bb000 JavaThread "Task worker for ':' Thread 3" [_thread_blocked, id=5896, stack(0x00000000220b0000,0x00000000221b0000)]
  0x000000001d8be000 JavaThread "Task worker for ':' Thread 2" [_thread_blocked, id=7088, stack(0x0000000021fb0000,0x00000000220b0000)]
  0x000000001a8f0000 JavaThread "Task worker for ':'" [_thread_blocked, id=5456, stack(0x0000000021eb0000,0x0000000021fb0000)]
  0x000000001a8ef000 JavaThread "Cache worker for Build Output Cleanup Cache (C:\Users\ANDRES\Desktop\scalas\ScalasCarlosArturo\.gradle\buildOutputCleanup)" [_thread_blocked, id=6432, stack(0x0000000021db0000,0x0000000021eb0000)]
  0x000000001a8eb000 JavaThread "Cache worker for task history cache (C:\Users\ANDRES\Desktop\scalas\ScalasCarlosArturo\.gradle\4.4\taskHistory)" [_thread_blocked, id=3696, stack(0x00000000219f0000,0x0000000021af0000)]
  0x000000001a8ee800 JavaThread "Cache worker for file content cache (C:\Users\ANDRES\Desktop\scalas\ScalasCarlosArturo\.gradle\4.4\fileContent)" [_thread_blocked, id=4624, stack(0x00000000216f0000,0x00000000217f0000)]
  0x000000001a8ed800 JavaThread "build operations Thread 4" [_thread_blocked, id=2148, stack(0x0000000020f90000,0x0000000021090000)]
  0x000000001a8ed000 JavaThread "build operations Thread 3" [_thread_blocked, id=5528, stack(0x0000000020e90000,0x0000000020f90000)]
  0x000000001a8ea800 JavaThread "build operations Thread 2" [_thread_blocked, id=6044, stack(0x000000001f970000,0x000000001fa70000)]
  0x000000001a8e6800 JavaThread "build operations" [_thread_blocked, id=3068, stack(0x000000001f870000,0x000000001f970000)]
  0x000000001a8e8000 JavaThread "Cache worker for Artifact transforms cache (C:\Users\ANDRES\.gradle\caches\transforms-1)" [_thread_blocked, id=6280, stack(0x000000001f770000,0x000000001f870000)]
  0x000000001a8e9800 JavaThread "Cache worker for file hash cache (C:\Users\ANDRES\Desktop\scalas\ScalasCarlosArturo\.gradle\4.4\fileHashes)" [_thread_blocked, id=5888, stack(0x000000001e050000,0x000000001e150000)]
  0x000000001a8e6000 JavaThread "Stdin handler" [_thread_blocked, id=5240, stack(0x000000001cad0000,0x000000001cbd0000)]
  0x000000001a8e7800 JavaThread "Asynchronous log dispatcher for DefaultDaemonConnection: socket connection from /127.0.0.1:51164 to /127.0.0.1:52047" [_thread_blocked, id=5856, stack(0x000000001b600000,0x000000001b700000)]
  0x000000001a8e5000 JavaThread "Daemon worker Thread 5" [_thread_blocked, id=3192, stack(0x0000000019f30000,0x000000001a030000)]
  0x000000001a8e2000 JavaThread "Cancel handler" [_thread_blocked, id=1464, stack(0x0000000019e30000,0x0000000019f30000)]
  0x000000001a8e4800 JavaThread "Handler for socket connection from /127.0.0.1:51164 to /127.0.0.1:52047" [_thread_in_native, id=2732, stack(0x0000000019b30000,0x0000000019c30000)]
  0x000000001a8e3800 JavaThread "Daemon Thread 5" [_thread_blocked, id=1572, stack(0x0000000019a30000,0x0000000019b30000)]
  0x000000001a8e1800 JavaThread "Memory manager" [_thread_blocked, id=2680, stack(0x0000000020190000,0x0000000020290000)]
  0x0000000018dae000 JavaThread "pool-1-thread-1" [_thread_blocked, id=1240, stack(0x000000001fc70000,0x000000001fd70000)]
  0x0000000018c86800 JavaThread "File lock request listener" [_thread_in_native, id=6760, stack(0x000000001a530000,0x000000001a630000)]
  0x0000000018bc2000 JavaThread "Cache worker for file hash cache (C:\Users\ANDRES\.gradle\caches\4.4\fileHashes)" [_thread_blocked, id=5172, stack(0x000000001a430000,0x000000001a530000)]
  0x0000000017fb6000 JavaThread "Daemon periodic checks" [_thread_blocked, id=7156, stack(0x0000000019930000,0x0000000019a30000)]
  0x0000000017fa7000 JavaThread "Incoming local TCP Connector on port 51164" [_thread_in_native, id=6324, stack(0x0000000019730000,0x0000000019830000)]
  0x00000000174b0800 JavaThread "Service Thread" daemon [_thread_blocked, id=7152, stack(0x0000000017880000,0x0000000017980000)]
  0x0000000015b3f000 JavaThread "C1 CompilerThread2" daemon [_thread_blocked, id=6572, stack(0x0000000017380000,0x0000000017480000)]
=>0x0000000015b32800 JavaThread "C2 CompilerThread1" daemon [_thread_in_native, id=6380, stack(0x0000000017280000,0x0000000017380000)]
  0x0000000015b2e000 JavaThread "C2 CompilerThread0" daemon [_thread_in_native, id=6168, stack(0x0000000017180000,0x0000000017280000)]
  0x0000000015b2b800 JavaThread "Attach Listener" daemon [_thread_blocked, id=6780, stack(0x0000000017080000,0x0000000017180000)]
  0x0000000015b28800 JavaThread "Signal Dispatcher" daemon [_thread_blocked, id=3344, stack(0x0000000016f80000,0x0000000017080000)]
  0x00000000021bd000 JavaThread "Finalizer" daemon [_thread_blocked, id=364, stack(0x0000000016d80000,0x0000000016e80000)]
  0x00000000021b1000 JavaThread "Reference Handler" daemon [_thread_blocked, id=908, stack(0x0000000016c80000,0x0000000016d80000)]
  0x00000000020bd800 JavaThread "main" [_thread_blocked, id=6456, stack(0x0000000001f60000,0x0000000002060000)]

Other Threads:
  0x0000000015af5800 VMThread [stack: 0x0000000016b80000,0x0000000016c80000] [id=4828]
  0x00000000174b1000 WatcherThread [stack: 0x0000000017980000,0x0000000017a80000] [id=6628]

VM state:at safepoint (normal execution)

VM Mutex/Monitor currently owned by a thread:  ([mutex/lock_event])
[0x00000000020bc820] Threads_lock - owner thread: 0x0000000015af5800
[0x00000000020bcca0] Heap_lock - owner thread: 0x0000000018dab000

Heap:
 PSYoungGen      total 501760K, used 418488K [0x00000000e0000000, 0x0000000100000000, 0x0000000100000000)
  eden space 481280K, 83% used [0x00000000e0000000,0x00000000f8a1df28,0x00000000fd600000)
  from space 20480K, 72% used [0x00000000fd600000,0x00000000fe4901e8,0x00000000fea00000)
  to   space 22016K, 11% used [0x00000000fea80000,0x00000000fecfa530,0x0000000100000000)
 ParOldGen       total 122368K, used 47486K [0x00000000a0000000, 0x00000000a7780000, 0x00000000e0000000)
  object space 122368K, 38% used [0x00000000a0000000,0x00000000a2e61ba0,0x00000000a7780000)
 Metaspace       used 76149K, capacity 79642K, committed 79704K, reserved 1122304K
  class space    used 9883K, capacity 10596K, committed 10624K, reserved 1048576K

Card table byte_map: [0x0000000011580000,0x0000000011890000] byte_map_base: 0x0000000011080000

Marking Bits: (ParMarkBitMap*) 0x0000000069564970
 Begin Bits: [0x0000000011e90000, 0x0000000013690000)
 End Bits:   [0x0000000013690000, 0x0000000014e90000)

Polling page: 0x0000000000960000

CodeCache: size=245760Kb used=38454Kb max_used=38454Kb free=207305Kb
 bounds [0x00000000021c0000, 0x0000000004780000, 0x00000000111c0000]
 total_blobs=12665 nmethods=11837 adapters=739
 compilation: enabled

Compilation events (10 events):
Event: 2562.315 Thread 0x0000000015b3f000 nmethod 14235 0x0000000004766f90 code [0x0000000004767100, 0x0000000004767338]
Event: 2562.315 Thread 0x0000000015b3f000 14236       2       com.android.tools.r8.code.Format23x::hashCode (29 bytes)
Event: 2562.315 Thread 0x0000000015b3f000 nmethod 14236 0x0000000004767410 code [0x0000000004767580, 0x0000000004767728]
Event: 2562.315 Thread 0x0000000015b3f000 14237       2       com.android.tools.r8.it.unimi.dsi.fastutil.ints.Int2ReferenceAVLTreeMap::add (877 bytes)
Event: 2562.318 Thread 0x0000000015b3f000 nmethod 14237 0x00000000047677d0 code [0x0000000004767980, 0x00000000047687a8]
Event: 2562.318 Thread 0x0000000015b3f000 14238       2       com.android.tools.r8.graph.DexMethod::computeEquals (62 bytes)
Event: 2562.319 Thread 0x0000000015b3f000 nmethod 14238 0x0000000004768d10 code [0x0000000004768ea0, 0x0000000004769288]
Event: 2562.321 Thread 0x0000000015b3f000 14239       2       java.util.Comparator$$Lambda$94/2035773995::compare (10 bytes)
Event: 2562.322 Thread 0x0000000015b3f000 nmethod 14239 0x0000000004769510 code [0x00000000047696a0, 0x00000000047698c8]
Event: 2562.322 Thread 0x0000000015b3f000 14240       2       java.util.Comparator::lambda$comparing$77a9974f$1 (23 bytes)

GC Heap History (10 events):
Event: 26.478 GC heap before
{Heap before GC invocations=16 (full 3):
 PSYoungGen      total 259072K, used 256K [0x00000000e0000000, 0x00000000f8700000, 0x0000000100000000)
  eden space 236544K, 0% used [0x00000000e0000000,0x00000000e0000000,0x00000000ee700000)
  from space 22528K, 1% used [0x00000000ee700000,0x00000000ee740000,0x00000000efd00000)
  to   space 22528K, 0% used [0x00000000f7100000,0x00000000f7100000,0x00000000f8700000)
 ParOldGen       total 98304K, used 46804K [0x00000000a0000000, 0x00000000a6000000, 0x00000000e0000000)
  object space 98304K, 47% used [0x00000000a0000000,0x00000000a2db53e0,0x00000000a6000000)
 Metaspace       used 57038K, capacity 58950K, committed 59028K, reserved 1099776K
  class space    used 7754K, capacity 8174K, committed 8192K, reserved 1048576K
Event: 26.722 GC heap after
Heap after GC invocations=16 (full 3):
 PSYoungGen      total 259072K, used 0K [0x00000000e0000000, 0x00000000f8700000, 0x0000000100000000)
  eden space 236544K, 0% used [0x00000000e0000000,0x00000000e0000000,0x00000000ee700000)
  from space 22528K, 0% used [0x00000000ee700000,0x00000000ee700000,0x00000000efd00000)
  to   space 22528K, 0% used [0x00000000f7100000,0x00000000f7100000,0x00000000f8700000)
 ParOldGen       total 122368K, used 32473K [0x00000000a0000000, 0x00000000a7780000, 0x00000000e0000000)
  object space 122368K, 26% used [0x00000000a0000000,0x00000000a1fb67c8,0x00000000a7780000)
 Metaspace       used 57038K, capacity 58950K, committed 59028K, reserved 1099776K
  class space    used 7754K, capacity 8174K, committed 8192K, reserved 1048576K
}
Event: 870.016 GC heap before
{Heap before GC invocations=17 (full 3):
 PSYoungGen      total 259072K, used 235949K [0x00000000e0000000, 0x00000000f8700000, 0x0000000100000000)
  eden space 236544K, 99% used [0x00000000e0000000,0x00000000ee66b538,0x00000000ee700000)
  from space 22528K, 0% used [0x00000000ee700000,0x00000000ee700000,0x00000000efd00000)
  to   space 22528K, 0% used [0x00000000f7100000,0x00000000f7100000,0x00000000f8700000)
 ParOldGen       total 122368K, used 32473K [0x00000000a0000000, 0x00000000a7780000, 0x00000000e0000000)
  object space 122368K, 26% used [0x00000000a0000000,0x00000000a1fb67c8,0x00000000a7780000)
 Metaspace       used 61405K, capacity 63650K, committed 63960K, reserved 1103872K
  class space    used 8150K, capacity 8622K, committed 8704K, reserved 1048576K
Event: 870.031 GC heap after
Heap after GC invocations=17 (full 3):
 PSYoungGen      total 370688K, used 9768K [0x00000000e0000000, 0x00000000f8300000, 0x0000000100000000)
  eden space 352256K, 0% used [0x00000000e0000000,0x00000000e0000000,0x00000000f5800000)
  from space 18432K, 52% used [0x00000000f7100000,0x00000000f7a8a310,0x00000000f8300000)
  to   space 22016K, 0% used [0x00000000f5800000,0x00000000f5800000,0x00000000f6d80000)
 ParOldGen       total 122368K, used 32481K [0x00000000a0000000, 0x00000000a7780000, 0x00000000e0000000)
  object space 122368K, 26% used [0x00000000a0000000,0x00000000a1fb87c8,0x00000000a7780000)
 Metaspace       used 61405K, capacity 63650K, committed 63960K, reserved 1103872K
  class space    used 8150K, capacity 8622K, committed 8704K, reserved 1048576K
}
Event: 1643.822 GC heap before
{Heap before GC invocations=18 (full 3):
 PSYoungGen      total 370688K, used 362024K [0x00000000e0000000, 0x00000000f8300000, 0x0000000100000000)
  eden space 352256K, 100% used [0x00000000e0000000,0x00000000f5800000,0x00000000f5800000)
  from space 18432K, 52% used [0x00000000f7100000,0x00000000f7a8a310,0x00000000f8300000)
  to   space 22016K, 0% used [0x00000000f5800000,0x00000000f5800000,0x00000000f6d80000)
 ParOldGen       total 122368K, used 32481K [0x00000000a0000000, 0x00000000a7780000, 0x00000000e0000000)
  object space 122368K, 26% used [0x00000000a0000000,0x00000000a1fb87c8,0x00000000a7780000)
 Metaspace       used 61872K, capacity 64208K, committed 64472K, reserved 1105920K
  class space    used 8166K, capacity 8649K, committed 8704K, reserved 1048576K
Event: 1643.835 GC heap after
Heap after GC invocations=18 (full 3):
 PSYoungGen      total 374272K, used 6960K [0x00000000e0000000, 0x0000000100000000, 0x0000000100000000)
  eden space 352256K, 0% used [0x00000000e0000000,0x00000000e0000000,0x00000000f5800000)
  from space 22016K, 31% used [0x00000000f5800000,0x00000000f5ecc040,0x00000000f6d80000)
  to   space 20992K, 0% used [0x00000000feb80000,0x00000000feb80000,0x0000000100000000)
 ParOldGen       total 122368K, used 34055K [0x00000000a0000000, 0x00000000a7780000, 0x00000000e0000000)
  object space 122368K, 27% used [0x00000000a0000000,0x00000000a2141c48,0x00000000a7780000)
 Metaspace       used 61872K, capacity 64208K, committed 64472K, reserved 1105920K
  class space    used 8166K, capacity 8649K, committed 8704K, reserved 1048576K
}
Event: 1668.668 GC heap before
{Heap before GC invocations=19 (full 3):
 PSYoungGen      total 374272K, used 359055K [0x00000000e0000000, 0x0000000100000000, 0x0000000100000000)
  eden space 352256K, 99% used [0x00000000e0000000,0x00000000f57d7e38,0x00000000f5800000)
  from space 22016K, 31% used [0x00000000f5800000,0x00000000f5ecc040,0x00000000f6d80000)
  to   space 20992K, 0% used [0x00000000feb80000,0x00000000feb80000,0x0000000100000000)
 ParOldGen       total 122368K, used 34055K [0x00000000a0000000, 0x00000000a7780000, 0x00000000e0000000)
  object space 122368K, 27% used [0x00000000a0000000,0x00000000a2141c48,0x00000000a7780000)
 Metaspace       used 61987K, capacity 64428K, committed 64472K, reserved 1105920K
  class space    used 8174K, capacity 8663K, committed 8704K, reserved 1048576K
Event: 1668.676 GC heap after
Heap after GC invocations=19 (full 3):
 PSYoungGen      total 500224K, used 1906K [0x00000000e0000000, 0x00000000ffe00000, 0x0000000100000000)
  eden space 481280K, 0% used [0x00000000e0000000,0x00000000e0000000,0x00000000fd600000)
  from space 18944K, 10% used [0x00000000feb80000,0x00000000fed5cbd0,0x00000000ffe00000)
  to   space 20480K, 0% used [0x00000000fd600000,0x00000000fd600000,0x00000000fea00000)
 ParOldGen       total 122368K, used 37761K [0x00000000a0000000, 0x00000000a7780000, 0x00000000e0000000)
  object space 122368K, 30% used [0x00000000a0000000,0x00000000a24e06e8,0x00000000a7780000)
 Metaspace       used 61987K, capacity 64428K, committed 64472K, reserved 1105920K
  class space    used 8174K, capacity 8663K, committed 8704K, reserved 1048576K
}
Event: 2557.759 GC heap before
{Heap before GC invocations=20 (full 3):
 PSYoungGen      total 500224K, used 482636K [0x00000000e0000000, 0x00000000ffe00000, 0x0000000100000000)
  eden space 481280K, 99% used [0x00000000e0000000,0x00000000fd5765d0,0x00000000fd600000)
  from space 18944K, 10% used [0x00000000feb80000,0x00000000fed5cbd0,0x00000000ffe00000)
  to   space 20480K, 0% used [0x00000000fd600000,0x00000000fd600000,0x00000000fea00000)
 ParOldGen       total 122368K, used 37761K [0x00000000a0000000, 0x00000000a7780000, 0x00000000e0000000)
  object space 122368K, 30% used [0x00000000a0000000,0x00000000a24e06e8,0x00000000a7780000)
 Metaspace       used 68356K, capacity 71174K, committed 71384K, reserved 1112064K
  class space    used 8879K, capacity 9424K, committed 9472K, reserved 1048576K
Event: 2557.797 GC heap after
Heap after GC invocations=20 (full 3):
 PSYoungGen      total 501760K, used 14912K [0x00000000e0000000, 0x0000000100000000, 0x0000000100000000)
  eden space 481280K, 0% used [0x00000000e0000000,0x00000000e0000000,0x00000000fd600000)
  from space 20480K, 72% used [0x00000000fd600000,0x00000000fe4901e8,0x00000000fea00000)
  to   space 22016K, 0% used [0x00000000fea80000,0x00000000fea80000,0x0000000100000000)
 ParOldGen       total 122368K, used 38129K [0x00000000a0000000, 0x00000000a7780000, 0x00000000e0000000)
  object space 122368K, 31% used [0x00000000a0000000,0x00000000a253c788,0x00000000a7780000)
 Metaspace       used 68356K, capacity 71174K, committed 71384K, reserved 1112064K
  class space    used 8879K, capacity 9424K, committed 9472K, reserved 1048576K
}

Deoptimization events (10 events):
Event: 2560.351 Thread 0x0000000018da7000 Uncommon trap: reason=unstable_if action=reinterpret pc=0x0000000003028f80 method=sun.nio.fs.WindowsPathParser.isSlash(C)Z @ 9
Event: 2560.351 Thread 0x000000001d8bd800 Uncommon trap: reason=unstable_if action=reinterpret pc=0x0000000002b07378 method=sun.nio.fs.WindowsPathParser.isSlash(C)Z @ 9
Event: 2560.351 Thread 0x0000000018dac000 Uncommon trap: reason=unstable_if action=reinterpret pc=0x0000000002b07378 method=sun.nio.fs.WindowsPathParser.isSlash(C)Z @ 9
Event: 2561.496 Thread 0x0000000018da9800 Uncommon trap: reason=unstable_if action=reinterpret pc=0x0000000003f73358 method=java.util.LinkedList.addAll(ILjava/util/Collection;)Z @ 18
Event: 2561.496 Thread 0x0000000018dad800 Uncommon trap: reason=unstable_if action=reinterpret pc=0x0000000003f73358 method=java.util.LinkedList.addAll(ILjava/util/Collection;)Z @ 18
Event: 2561.496 Thread 0x0000000018dab000 Uncommon trap: reason=unstable_if action=reinterpret pc=0x0000000003f73358 method=java.util.LinkedList.addAll(ILjava/util/Collection;)Z @ 18
Event: 2561.772 Thread 0x0000000018dab000 Uncommon trap: reason=predicate action=maybe_recompile pc=0x0000000003bb2df8 method=java.util.LinkedList.remove(Ljava/lang/Object;)Z @ 48
Event: 2562.003 Thread 0x0000000018da9800 Uncommon trap: reason=unstable_if action=reinterpret pc=0x0000000004680888 method=com.android.tools.r8.ir.code.Value.<init>(ILcom/android/tools/r8/ir/code/ValueType;Lcom/android/tools/r8/graph/DebugLocalInfo;)V @ 88
Event: 2562.083 Thread 0x0000000018dac000 Uncommon trap: reason=unstable_if action=reinterpret pc=0x0000000002aa0b04 method=java.lang.StringBuffer.toString()Ljava/lang/String; @ 4
Event: 2562.310 Thread 0x0000000018dad800 Uncommon trap: reason=unstable_if action=reinterpret pc=0x0000000003026450 method=java.util.Arrays.equals([B[B)Z @ 41

Classes redefined (0 events):
No events

Internal exceptions (10 events):
Event: 2513.616 Thread 0x000000001a8e5000 Exception <a 'sun/nio/fs/WindowsException'> (0x00000000f2820ee8) thrown at [D:\src\AOSP-openjdk-cygwin\jdk8u\hotspot\src\share\vm\prims\jni.cpp, line 709]
Event: 2551.416 Thread 0x000000001a8e5000 Implicit null exception at 0x0000000003807d44 to 0x00000000038090e1
Event: 2551.503 Thread 0x000000001a8e5000 Implicit null exception at 0x00000000037f0c30 to 0x00000000037f14d1
Event: 2554.624 Thread 0x000000001a8e5000 Implicit null exception at 0x0000000003c773af to 0x0000000003c779b9
Event: 2560.285 Thread 0x000000001d8bd800 Exception <a 'java/lang/NoSuchMethodError': java.lang.Object.lambda$and$0(Ljava/util/function/Predicate;Ljava/lang/Object;)Z> (0x00000000f4f4df58) thrown at [D:\src\AOSP-openjdk-cygwin\jdk8u\hotspot\src\share\vm\interpreter\linkResolver.cpp, line 584]
Event: 2560.286 Thread 0x0000000018dac000 Exception <a 'java/lang/NoSuchMethodError': java.lang.Object.lambda$and$0(Ljava/util/function/Predicate;Ljava/lang/Object;)Z> (0x00000000f5bbe808) thrown at [D:\src\AOSP-openjdk-cygwin\jdk8u\hotspot\src\share\vm\interpreter\linkResolver.cpp, line 584]
Event: 2560.286 Thread 0x0000000018da7000 Exception <a 'java/lang/NoSuchMethodError': java.lang.Object.lambda$and$0(Ljava/util/function/Predicate;Ljava/lang/Object;)Z> (0x00000000f5b00790) thrown at [D:\src\AOSP-openjdk-cygwin\jdk8u\hotspot\src\share\vm\interpreter\linkResolver.cpp, line 584]
Event: 2560.347 Thread 0x000000001d8bd800 Exception <a 'java/lang/NoSuchMethodError': java.lang.Object.lambda$static$0(Ljava/lang/String;)Z> (0x00000000f4f60408) thrown at [D:\src\AOSP-openjdk-cygwin\jdk8u\hotspot\src\share\vm\interpreter\linkResolver.cpp, line 584]
Event: 2560.531 Thread 0x0000000018dac000 Exception <a 'sun/nio/fs/WindowsException'> (0x00000000f5ecf220) thrown at [D:\src\AOSP-openjdk-cygwin\jdk8u\hotspot\src\share\vm\prims\jni.cpp, line 709]
Event: 2560.531 Thread 0x0000000018da7000 Exception <a 'sun/nio/fs/WindowsException'> (0x00000000f5e63420) thrown at [D:\src\AOSP-openjdk-cygwin\jdk8u\hotspot\src\share\vm\prims\jni.cpp, line 709]

Events (10 events):
Event: 2562.312 loading class com/android/tools/r8/graph/DexEncodedMethod
Event: 2562.312 loading class com/android/tools/r8/graph/DexEncodedMethod done
Event: 2562.312 loading class com/android/tools/r8/utils/DescriptorUtils
Event: 2562.312 loading class com/android/tools/r8/utils/DescriptorUtils done
Event: 2562.320 loading class com/android/tools/r8/com/google/common/collect/ImmutableMap$Builder
Event: 2562.320 loading class com/android/tools/r8/com/google/common/collect/ImmutableMap$Builder done
Event: 2562.321 loading class com/android/tools/r8/graph/DexCode
Event: 2562.321 loading class com/android/tools/r8/graph/DexCode done
Event: 2562.321 loading class com/android/tools/r8/graph/DexCode
Event: 2562.321 loading class com/android/tools/r8/graph/DexCode done


Dynamic libraries:
0x00007ff7fd390000 - 0x00007ff7fd3c1000 	C:\Program Files\Android\Android Studio\jre\bin\java.exe
0x00007ff9d6de0000 - 0x00007ff9d6f8d000 	C:\Windows\SYSTEM32\ntdll.dll
0x00007ff9d6b10000 - 0x00007ff9d6c4e000 	C:\Windows\system32\KERNEL32.DLL
0x00007ff9d4350000 - 0x00007ff9d4466000 	C:\Windows\system32\KERNELBASE.dll
0x00007ff9d6a60000 - 0x00007ff9d6b0a000 	C:\Windows\system32\ADVAPI32.dll
0x00007ff9d4680000 - 0x00007ff9d47f7000 	C:\Windows\system32\USER32.dll
0x00007ff9d1ed0000 - 0x00007ff9d214b000 	C:\Windows\WinSxS\amd64_microsoft.windows.common-controls_6595b64144ccf1df_6.0.9600.18006_none_623f33d3ecbe86e8\COMCTL32.dll
0x00007ff9d45d0000 - 0x00007ff9d467a000 	C:\Windows\system32\msvcrt.dll
0x00007ff9d6390000 - 0x00007ff9d63e9000 	C:\Windows\SYSTEM32\sechost.dll
0x00007ff9d6250000 - 0x00007ff9d6390000 	C:\Windows\system32\RPCRT4.dll
0x00007ff9d64a0000 - 0x00007ff9d65eb000 	C:\Windows\system32\GDI32.dll
0x00007ff9d41c0000 - 0x00007ff9d41ee000 	C:\Windows\system32\SspiCli.dll
0x00007ff9d6460000 - 0x00007ff9d6496000 	C:\Windows\system32\IMM32.DLL
0x00007ff9d4470000 - 0x00007ff9d45c1000 	C:\Windows\system32\MSCTF.dll
0x0000000068be0000 - 0x0000000068cb2000 	C:\Program Files\Android\Android Studio\jre\jre\bin\msvcr100.dll
0x0000000068da0000 - 0x00000000695df000 	C:\Program Files\Android\Android Studio\jre\jre\bin\server\jvm.dll
0x00007ff9c7fd0000 - 0x00007ff9c7fd9000 	C:\Windows\SYSTEM32\WSOCK32.dll
0x00007ff9cf0a0000 - 0x00007ff9cf0c2000 	C:\Windows\SYSTEM32\WINMM.dll
0x00007ff9c9f70000 - 0x00007ff9c9f7a000 	C:\Windows\SYSTEM32\VERSION.dll
0x00007ff9d48d0000 - 0x00007ff9d48d7000 	C:\Windows\system32\PSAPI.DLL
0x00007ff9d6d80000 - 0x00007ff9d6dda000 	C:\Windows\system32\WS2_32.dll
0x00007ff9cf070000 - 0x00007ff9cf09a000 	C:\Windows\SYSTEM32\WINMMBASE.dll
0x00007ff9d6c50000 - 0x00007ff9d6c59000 	C:\Windows\system32\NSI.dll
0x00007ff9d42a0000 - 0x00007ff9d42ef000 	C:\Windows\SYSTEM32\cfgmgr32.dll
0x00007ff9d2d30000 - 0x00007ff9d2d58000 	C:\Windows\SYSTEM32\DEVOBJ.dll
0x00007ff9d1500000 - 0x00007ff9d150f000 	C:\Program Files\Android\Android Studio\jre\jre\bin\verify.dll
0x00007ff9c9ee0000 - 0x00007ff9c9f09000 	C:\Program Files\Android\Android Studio\jre\jre\bin\java.dll
0x00007ff9d14e0000 - 0x00007ff9d14f6000 	C:\Program Files\Android\Android Studio\jre\jre\bin\zip.dll
0x00007ff9d4d10000 - 0x00007ff9d623c000 	C:\Windows\system32\SHELL32.dll
0x00007ff9d65f0000 - 0x00007ff9d6802000 	C:\Windows\SYSTEM32\combase.dll
0x00007ff9d69f0000 - 0x00007ff9d6a44000 	C:\Windows\system32\SHLWAPI.dll
0x00007ff9d2760000 - 0x00007ff9d2812000 	C:\Windows\SYSTEM32\SHCORE.dll
0x00007ff9d3f10000 - 0x00007ff9d3f25000 	C:\Windows\SYSTEM32\profapi.dll
0x00007ff9ceec0000 - 0x00007ff9ceeda000 	C:\Program Files\Android\Android Studio\jre\jre\bin\net.dll
0x00007ff9d3740000 - 0x00007ff9d3799000 	C:\Windows\system32\mswsock.dll
0x00007ff9cbce0000 - 0x00007ff9cbcf1000 	C:\Program Files\Android\Android Studio\jre\jre\bin\nio.dll
0x00007ff9c2850000 - 0x00007ff9c286e000 	C:\Users\ANDRES\.gradle\native\25\windows-amd64\native-platform.dll
0x00007ff9cc400000 - 0x00007ff9cc40d000 	C:\Program Files\Android\Android Studio\jre\jre\bin\management.dll
0x00007ff9d37a0000 - 0x00007ff9d37c0000 	C:\Windows\SYSTEM32\CRYPTSP.dll
0x00007ff9d33c0000 - 0x00007ff9d33f6000 	C:\Windows\system32\rsaenh.dll
0x00007ff9d39f0000 - 0x00007ff9d3a16000 	C:\Windows\SYSTEM32\bcrypt.dll
0x00007ff9d34d0000 - 0x00007ff9d34f1000 	C:\Windows\SYSTEM32\USERENV.dll
0x00007ff9d3d10000 - 0x00007ff9d3d73000 	C:\Windows\system32\bcryptprimitives.dll
0x00007ff9d3d80000 - 0x00007ff9d3d8b000 	C:\Windows\SYSTEM32\CRYPTBASE.dll
0x00007ff9ceb40000 - 0x00007ff9ceb6a000 	C:\Windows\SYSTEM32\IPHLPAPI.DLL
0x00007ff9ceb30000 - 0x00007ff9ceb3a000 	C:\Windows\SYSTEM32\WINNSI.DLL
0x00007ff9ce4b0000 - 0x00007ff9ce4c6000 	C:\Windows\SYSTEM32\dhcpcsvc6.DLL
0x00007ff9ce490000 - 0x00007ff9ce4aa000 	C:\Windows\SYSTEM32\dhcpcsvc.DLL

VM Arguments:
jvm_args: -Xmx1536m -Dfile.encoding=windows-1252 -Duser.country=CO -Duser.language=es -Duser.variant 
java_command: org.gradle.launcher.daemon.bootstrap.GradleDaemon 4.4
java_class_path (initial): C:\Users\ANDRES\.gradle\wrapper\dists\gradle-4.4-all\9br9xq1tocpiv8o6njlyu5op1\gradle-4.4\lib\gradle-launcher-4.4.jar
Launcher Type: SUN_STANDARD

Environment Variables:
CLASSPATH=C:\Program Files\Java\jre7\biin
PATH=C:\ProgramData\Oracle\Java\javapath;C:\Windows\system32;C:\Windows;C:\Windows\System32\Wbem;C:\Windows\System32\WindowsPowerShell\v1.0\;C:\Program Files\Microsoft DNX\Dnvm\;C:\Program Files\Microsoft SQL Server\130\Tools\Binn\;C:\xampp\mysql\bin;C:\xampp\php;C:\ProgramData\ComposerSetup\bin;C:\Program Files\PuTTY\;C:\Program Files\PostgreSQL\10\bin;C:\Program Files\nodejs\;C:\Program Files (x86)\Windows Live\Shared;C:\Users\ANDRES\AppData\Local\Programs\Python\Python36-32\Scripts\;C:\Users\ANDRES\AppData\Local\Programs\Python\Python36-32\;C:\Users\ANDRES\AppData\Local\atom\bin;C:\Program Files (x86)\Microsoft VS Code\bin;C:\Program Files\GNU MediaSuite;C:\xampp\mysql\bin;C:\Users\ANDRES\AppData\Roaming\Composer\vendor\bin;C:\Users\ANDRES\AppData\Roaming\npm
USERNAME=JHON
OS=Windows_NT
PROCESSOR_IDENTIFIER=Intel64 Family 6 Model 58 Stepping 9, GenuineIntel



---------------  S Y S T E M  ---------------

OS: Windows 8.1 , 64 bit Build 9600 (6.3.9600.17415)

CPU:total 4 (initial active 4) (2 cores per cpu, 2 threads per core) family 6 model 58 stepping 9, cmov, cx8, fxsr, mmx, sse, sse2, sse3, ssse3, sse4.1, sse4.2, popcnt, avx, aes, clmul, erms, ht, tsc, tscinvbit, tscinv

Memory: 4k page, physical 7954448k(1068040k free), swap 10002448k(5096k free)

vm_info: OpenJDK 64-Bit Server VM (25.152-b02) for windows-amd64 JRE (1.8.0_152-release-1024-b02), built by "builder" with MS VC++ 10.0 (VS2010)

time: Tue Jun 26 00:34:25 2018
elapsed time: 2562 seconds (0d 0h 42m 42s)

